<?xml version="1.0" encoding="UTF-8"?>
<!-- Generated by org.testng.reporters.JUnitReportReporter -->
<testsuite hostname="FNFI-LT-6115037" name="com.test.LoginValidation" tests="3" failures="0" timestamp="15 Jan 2022 11:55:22 GMT" time="27.344" errors="0">
  <testcase name="verifyLogin" time="14.003" classname="com.test.LoginValidation"/>
  <testcase name="verifyLogin" time="6.151" classname="com.test.LoginValidation"/>
  <testcase name="verifyLogin" time="7.190" classname="com.test.LoginValidation"/>
</testsuite> <!-- com.test.LoginValidation -->
