<?xml version="1.0" encoding="UTF-8"?>
<!-- Generated by org.testng.reporters.JUnitReportReporter -->
<testsuite hostname="FNFI-LT-6115037" name="com.util.Browserfactory" tests="3" failures="0" timestamp="15 Jan 2022 10:51:42 GMT" time="22.857" errors="0">
  <testcase name="verifyLogin" time="1.340" classname="com.util.Browserfactory"/>
  <testcase name="verifyLogin" time="19.198" classname="com.util.Browserfactory"/>
  <testcase name="verifyLogin" time="2.319" classname="com.util.Browserfactory"/>
</testsuite> <!-- com.util.Browserfactory -->
